Getting compiler identification output with: /usr/bin/gcc -O2 --version /var/folders/_y/zgnlksf54px15k2tssg93np40000gn/T/cov-dylanm/3a69613ebe1c01865a2e9dd1e1f7cf9c/cov-dylanm/bc9fd22fbdccb97399d2d8d0fcaa60a0/test.c
**** BEGIN FILE source file: /var/folders/_y/zgnlksf54px15k2tssg93np40000gn/T/cov-dylanm/3a69613ebe1c01865a2e9dd1e1f7cf9c/cov-dylanm/bc9fd22fbdccb97399d2d8d0fcaa60a0/test.c
int main() {} 

**** END source file ***
pipe_command: /usr/bin/gcc -O2 --version /var/folders/_y/zgnlksf54px15k2tssg93np40000gn/T/cov-dylanm/3a69613ebe1c01865a2e9dd1e1f7cf9c/cov-dylanm/bc9fd22fbdccb97399d2d8d0fcaa60a0/test.c 
pipe_commands starting: /usr/bin/gcc -O2 --version /var/folders/_y/zgnlksf54px15k2tssg93np40000gn/T/cov-dylanm/3a69613ebe1c01865a2e9dd1e1f7cf9c/cov-dylanm/bc9fd22fbdccb97399d2d8d0fcaa60a0/test.c 
**** BEGIN FILE output: /var/folders/_y/zgnlksf54px15k2tssg93np40000gn/T/cov-dylanm/3a69613ebe1c01865a2e9dd1e1f7cf9c/cov-dylanm/bc9fd22fbdccb97399d2d8d0fcaa60a0/test.output
Apple clang version 13.0.0 (clang-1300.0.29.3)
Target: x86_64-apple-darwin20.6.0
Thread model: posix
InstalledDir: /Library/Developer/CommandLineTools/usr/bin

**** END FILE output ***
**** BEGIN FILE error: 

**** END FILE error ***
**** Compiler identification output begin ****
Apple clang version 13.0.0 (clang-1300.0.29.3)
Target: x86_64-apple-darwin20.6.0
Thread model: posix
InstalledDir: /Library/Developer/CommandLineTools/usr/bin

**** Compiler identification output end ****
**** BEGIN PROBE run_test_sanity ****
[STATUS] clangcxxcc-config-0: Running sanity tests on native compiler
**** BEGIN FILE source file: /var/folders/_y/zgnlksf54px15k2tssg93np40000gn/T/cov-dylanm/3a69613ebe1c01865a2e9dd1e1f7cf9c/cov-dylanm/bc9fd22fbdccb97399d2d8d0fcaa60a0/simple.c
int x;

**** END FILE source file ***
pipe_command: /usr/bin/gcc -O2 -c -x c /var/folders/_y/zgnlksf54px15k2tssg93np40000gn/T/cov-dylanm/3a69613ebe1c01865a2e9dd1e1f7cf9c/cov-dylanm/bc9fd22fbdccb97399d2d8d0fcaa60a0/simple.c 
pipe_commands starting: /usr/bin/gcc -O2 -c -x c /var/folders/_y/zgnlksf54px15k2tssg93np40000gn/T/cov-dylanm/3a69613ebe1c01865a2e9dd1e1f7cf9c/cov-dylanm/bc9fd22fbdccb97399d2d8d0fcaa60a0/simple.c 
**** BEGIN FILE stdout: 

**** END FILE stdout ***
**** BEGIN FILE stderr: 

**** END FILE stderr ***
Test succeded
**** BEGIN FILE source file: /var/folders/_y/zgnlksf54px15k2tssg93np40000gn/T/cov-dylanm/3a69613ebe1c01865a2e9dd1e1f7cf9c/cov-dylanm/bc9fd22fbdccb97399d2d8d0fcaa60a0/does_not_compile.c
#x
int a b c d;

**** END FILE source file ***
pipe_command: /usr/bin/gcc -O2 -c -x c /var/folders/_y/zgnlksf54px15k2tssg93np40000gn/T/cov-dylanm/3a69613ebe1c01865a2e9dd1e1f7cf9c/cov-dylanm/bc9fd22fbdccb97399d2d8d0fcaa60a0/does_not_compile.c 
pipe_commands starting: /usr/bin/gcc -O2 -c -x c /var/folders/_y/zgnlksf54px15k2tssg93np40000gn/T/cov-dylanm/3a69613ebe1c01865a2e9dd1e1f7cf9c/cov-dylanm/bc9fd22fbdccb97399d2d8d0fcaa60a0/does_not_compile.c 
**** BEGIN FILE stdout: 

**** END FILE stdout ***
**** BEGIN FILE stderr: 
/var/folders/_y/zgnlksf54px15k2tssg93np40000gn/T/cov-dylanm/3a69613ebe1c01865a2e9dd1e1f7cf9c/cov-dylanm/bc9fd22fbdccb97399d2d8d0fcaa60a0/does_not_compile.c:1:2: error: invalid preprocessing directive
#x
 ^
/var/folders/_y/zgnlksf54px15k2tssg93np40000gn/T/cov-dylanm/3a69613ebe1c01865a2e9dd1e1f7cf9c/cov-dylanm/bc9fd22fbdccb97399d2d8d0fcaa60a0/does_not_compile.c:2:6: error: expected ';' after top level declarator
int a b c d;
     ^
     ;
2 errors generated.

**** END FILE stderr ***
Test failed
**** BEGIN FILE source file: /var/folders/_y/zgnlksf54px15k2tssg93np40000gn/T/cov-dylanm/3a69613ebe1c01865a2e9dd1e1f7cf9c/cov-dylanm/bc9fd22fbdccb97399d2d8d0fcaa60a0/stddef.c
#include <stddef.h>
struct mystruct {
  int field1;
  int field2;
} var;
size_t sz = sizeof(struct mystruct);
ptrdiff_t pd;
void func() {
  pd = &var.field1 - &var.field2;
}


**** END FILE source file ***
pipe_command: /usr/bin/gcc -O2 -c -x c /var/folders/_y/zgnlksf54px15k2tssg93np40000gn/T/cov-dylanm/3a69613ebe1c01865a2e9dd1e1f7cf9c/cov-dylanm/bc9fd22fbdccb97399d2d8d0fcaa60a0/stddef.c 
pipe_commands starting: /usr/bin/gcc -O2 -c -x c /var/folders/_y/zgnlksf54px15k2tssg93np40000gn/T/cov-dylanm/3a69613ebe1c01865a2e9dd1e1f7cf9c/cov-dylanm/bc9fd22fbdccb97399d2d8d0fcaa60a0/stddef.c 
**** BEGIN FILE stdout: 

**** END FILE stdout ***
**** BEGIN FILE stderr: 

**** END FILE stderr ***
Test succeded
**** END PROBE run_test_sanity ****
**** BEGIN PROBE get_version_switch_output ****
Version switch: --version
**** BEGIN FILE source file: /var/folders/_y/zgnlksf54px15k2tssg93np40000gn/T/cov-dylanm/3a69613ebe1c01865a2e9dd1e1f7cf9c/cov-dylanm/bc9fd22fbdccb97399d2d8d0fcaa60a0/test.c
int main() {} 

**** END source file ***
pipe_command: /usr/bin/gcc -O2 --version /var/folders/_y/zgnlksf54px15k2tssg93np40000gn/T/cov-dylanm/3a69613ebe1c01865a2e9dd1e1f7cf9c/cov-dylanm/bc9fd22fbdccb97399d2d8d0fcaa60a0/test.c 
pipe_commands starting: /usr/bin/gcc -O2 --version /var/folders/_y/zgnlksf54px15k2tssg93np40000gn/T/cov-dylanm/3a69613ebe1c01865a2e9dd1e1f7cf9c/cov-dylanm/bc9fd22fbdccb97399d2d8d0fcaa60a0/test.c 
**** BEGIN FILE output: /var/folders/_y/zgnlksf54px15k2tssg93np40000gn/T/cov-dylanm/3a69613ebe1c01865a2e9dd1e1f7cf9c/cov-dylanm/bc9fd22fbdccb97399d2d8d0fcaa60a0/version_output
Apple clang version 13.0.0 (clang-1300.0.29.3)
Target: x86_64-apple-darwin20.6.0
Thread model: posix
InstalledDir: /Library/Developer/CommandLineTools/usr/bin

**** END FILE output ***
**** BEGIN FILE error: 

**** END FILE error ***
**** END PROBE get_version_switch_output ****
Compiler version found: 4.8.0
run_comp_tests: running custom tests
testing code snippet begin:

            #if defined(__cplusplus) && defined(__apple_build_version__) && __clang_major__ >= 10
            #else
            #error
            #endif
          
testing code snippet end.
**** BEGIN FILE source file: /var/folders/_y/zgnlksf54px15k2tssg93np40000gn/T/cov-dylanm/3a69613ebe1c01865a2e9dd1e1f7cf9c/cov-dylanm/bc9fd22fbdccb97399d2d8d0fcaa60a0/customtest.c

            #if defined(__cplusplus) && defined(__apple_build_version__) && __clang_major__ >= 10
            #else
            #error
            #endif
          

**** END FILE source file ***
pipe_command: /usr/bin/gcc -O2 -c -x c /var/folders/_y/zgnlksf54px15k2tssg93np40000gn/T/cov-dylanm/3a69613ebe1c01865a2e9dd1e1f7cf9c/cov-dylanm/bc9fd22fbdccb97399d2d8d0fcaa60a0/customtest.c 
pipe_commands starting: /usr/bin/gcc -O2 -c -x c /var/folders/_y/zgnlksf54px15k2tssg93np40000gn/T/cov-dylanm/3a69613ebe1c01865a2e9dd1e1f7cf9c/cov-dylanm/bc9fd22fbdccb97399d2d8d0fcaa60a0/customtest.c 
**** BEGIN FILE stdout: 

**** END FILE stdout ***
**** BEGIN FILE stderr: 
/var/folders/_y/zgnlksf54px15k2tssg93np40000gn/T/cov-dylanm/3a69613ebe1c01865a2e9dd1e1f7cf9c/cov-dylanm/bc9fd22fbdccb97399d2d8d0fcaa60a0/customtest.c:4:14: error: 
            #error
             ^
1 error generated.

**** END FILE stderr ***
Test failed
**** BEGIN PROBE get_standard_includes ****
Dryrun command: /usr/bin/gcc -O2 -E -v -x c /var/folders/_y/zgnlksf54px15k2tssg93np40000gn/T/cov-dylanm/3a69613ebe1c01865a2e9dd1e1f7cf9c/cov-dylanm/bc9fd22fbdccb97399d2d8d0fcaa60a0/empty.c
**** BEGIN FILE source file: /var/folders/_y/zgnlksf54px15k2tssg93np40000gn/T/cov-dylanm/3a69613ebe1c01865a2e9dd1e1f7cf9c/cov-dylanm/bc9fd22fbdccb97399d2d8d0fcaa60a0/empty.c

**** END source file ***
pipe_command: /usr/bin/gcc -O2 -E -v -x c /var/folders/_y/zgnlksf54px15k2tssg93np40000gn/T/cov-dylanm/3a69613ebe1c01865a2e9dd1e1f7cf9c/cov-dylanm/bc9fd22fbdccb97399d2d8d0fcaa60a0/empty.c 
pipe_commands starting: /usr/bin/gcc -O2 -E -v -x c /var/folders/_y/zgnlksf54px15k2tssg93np40000gn/T/cov-dylanm/3a69613ebe1c01865a2e9dd1e1f7cf9c/cov-dylanm/bc9fd22fbdccb97399d2d8d0fcaa60a0/empty.c 
**** BEGIN FILE output: /var/folders/_y/zgnlksf54px15k2tssg93np40000gn/T/cov-dylanm/3a69613ebe1c01865a2e9dd1e1f7cf9c/cov-dylanm/bc9fd22fbdccb97399d2d8d0fcaa60a0/empty.output
Apple clang version 13.0.0 (clang-1300.0.29.3)
Target: x86_64-apple-darwin20.6.0
Thread model: posix
InstalledDir: /Library/Developer/CommandLineTools/usr/bin
 "/Library/Developer/CommandLineTools/usr/bin/clang" -cc1 -triple x86_64-apple-macosx11.0.0 -Wundef-prefix=TARGET_OS_ -Wdeprecated-objc-isa-usage -Werror=deprecated-objc-isa-usage -Werror=implicit-function-declaration -E -disable-free -disable-llvm-verifier -discard-value-names -main-file-name empty.c -mrelocation-model pic -pic-level 2 -mframe-pointer=all -fno-strict-return -fno-rounding-math -munwind-tables -target-sdk-version=11.3 -fvisibility-inlines-hidden-static-local-var -target-cpu penryn -tune-cpu generic -debugger-tuning=lldb -target-linker-version 711 -v -resource-dir /Library/Developer/CommandLineTools/usr/lib/clang/13.0.0 -isysroot /Library/Developer/CommandLineTools/SDKs/MacOSX.sdk -I/usr/local/include -internal-isystem /Library/Developer/CommandLineTools/SDKs/MacOSX.sdk/usr/local/include -internal-isystem /Library/Developer/CommandLineTools/usr/lib/clang/13.0.0/include -internal-externc-isystem /Library/Developer/CommandLineTools/SDKs/MacOSX.sdk/usr/include -internal-externc-isystem /Library/Developer/CommandLineTools/usr/include -O2 -Wno-reorder-init-list -Wno-implicit-int-float-conversion -Wno-c99-designator -Wno-final-dtor-non-final-class -Wno-extra-semi-stmt -Wno-misleading-indentation -Wno-quoted-include-in-framework-header -Wno-implicit-fallthrough -Wno-enum-enum-conversion -Wno-enum-float-conversion -Wno-elaborated-enum-base -fdebug-compilation-dir /Users/dylanm/Projects/proftpd-1.3.5/lib -ferror-limit 19 -stack-protector 1 -fstack-check -mdarwin-stkchk-strong-link -fblocks -fencode-extended-block-signature -fregister-global-dtors-with-atexit -fgnuc-version=4.2.1 -fmax-type-align=16 -fcommon -vectorize-loops -vectorize-slp -clang-vendor-feature=+nullptrToBoolConversion -clang-vendor-feature=+messageToSelfInClassMethodIdReturnType -clang-vendor-feature=+disableInferNewAvailabilityFromInit -clang-vendor-feature=+disableNeonImmediateRangeCheck -clang-vendor-feature=+disableNonDependentMemberExprInCurrentInstantiation -fno-odr-hash-protocols -clang-vendor-feature=+revert09abecef7bbf -mllvm -disable-aligned-alloc-awareness=1 -mllvm -enable-dse-memoryssa=0 -o - -x c /var/folders/_y/zgnlksf54px15k2tssg93np40000gn/T/cov-dylanm/3a69613ebe1c01865a2e9dd1e1f7cf9c/cov-dylanm/bc9fd22fbdccb97399d2d8d0fcaa60a0/empty.c
clang -cc1 version 13.0.0 (clang-1300.0.29.3) default target x86_64-apple-darwin20.6.0
ignoring nonexistent directory "/Library/Developer/CommandLineTools/SDKs/MacOSX.sdk/usr/local/include"
ignoring nonexistent directory "/Library/Developer/CommandLineTools/SDKs/MacOSX.sdk/Library/Frameworks"
#include "..." search starts here:
#include <...> search starts here:
 /usr/local/include
 /Library/Developer/CommandLineTools/usr/lib/clang/13.0.0/include
 /Library/Developer/CommandLineTools/SDKs/MacOSX.sdk/usr/include
 /Library/Developer/CommandLineTools/usr/include
 /Library/Developer/CommandLineTools/SDKs/MacOSX.sdk/System/Library/Frameworks (framework directory)
End of search list.

**** END FILE output ***
**** BEGIN FILE error: 
Apple clang version 13.0.0 (clang-1300.0.29.3)
Target: x86_64-apple-darwin20.6.0
Thread model: posix
InstalledDir: /Library/Developer/CommandLineTools/usr/bin
 "/Library/Developer/CommandLineTools/usr/bin/clang" -cc1 -triple x86_64-apple-macosx11.0.0 -Wundef-prefix=TARGET_OS_ -Wdeprecated-objc-isa-usage -Werror=deprecated-objc-isa-usage -Werror=implicit-function-declaration -E -disable-free -disable-llvm-verifier -discard-value-names -main-file-name empty.c -mrelocation-model pic -pic-level 2 -mframe-pointer=all -fno-strict-return -fno-rounding-math -munwind-tables -target-sdk-version=11.3 -fvisibility-inlines-hidden-static-local-var -target-cpu penryn -tune-cpu generic -debugger-tuning=lldb -target-linker-version 711 -v -resource-dir /Library/Developer/CommandLineTools/usr/lib/clang/13.0.0 -isysroot /Library/Developer/CommandLineTools/SDKs/MacOSX.sdk -I/usr/local/include -internal-isystem /Library/Developer/CommandLineTools/SDKs/MacOSX.sdk/usr/local/include -internal-isystem /Library/Developer/CommandLineTools/usr/lib/clang/13.0.0/include -internal-externc-isystem /Library/Developer/CommandLineTools/SDKs/MacOSX.sdk/usr/include -internal-externc-isystem /Library/Developer/CommandLineTools/usr/include -O2 -Wno-reorder-init-list -Wno-implicit-int-float-conversion -Wno-c99-designator -Wno-final-dtor-non-final-class -Wno-extra-semi-stmt -Wno-misleading-indentation -Wno-quoted-include-in-framework-header -Wno-implicit-fallthrough -Wno-enum-enum-conversion -Wno-enum-float-conversion -Wno-elaborated-enum-base -fdebug-compilation-dir /Users/dylanm/Projects/proftpd-1.3.5/lib -ferror-limit 19 -stack-protector 1 -fstack-check -mdarwin-stkchk-strong-link -fblocks -fencode-extended-block-signature -fregister-global-dtors-with-atexit -fgnuc-version=4.2.1 -fmax-type-align=16 -fcommon -vectorize-loops -vectorize-slp -clang-vendor-feature=+nullptrToBoolConversion -clang-vendor-feature=+messageToSelfInClassMethodIdReturnType -clang-vendor-feature=+disableInferNewAvailabilityFromInit -clang-vendor-feature=+disableNeonImmediateRangeCheck -clang-vendor-feature=+disableNonDependentMemberExprInCurrentInstantiation -fno-odr-hash-protocols -clang-vendor-feature=+revert09abecef7bbf -mllvm -disable-aligned-alloc-awareness=1 -mllvm -enable-dse-memoryssa=0 -o - -x c /var/folders/_y/zgnlksf54px15k2tssg93np40000gn/T/cov-dylanm/3a69613ebe1c01865a2e9dd1e1f7cf9c/cov-dylanm/bc9fd22fbdccb97399d2d8d0fcaa60a0/empty.c
clang -cc1 version 13.0.0 (clang-1300.0.29.3) default target x86_64-apple-darwin20.6.0
ignoring nonexistent directory "/Library/Developer/CommandLineTools/SDKs/MacOSX.sdk/usr/local/include"
ignoring nonexistent directory "/Library/Developer/CommandLineTools/SDKs/MacOSX.sdk/Library/Frameworks"
#include "..." search starts here:
#include <...> search starts here:
 /usr/local/include
 /Library/Developer/CommandLineTools/usr/lib/clang/13.0.0/include
 /Library/Developer/CommandLineTools/SDKs/MacOSX.sdk/usr/include
 /Library/Developer/CommandLineTools/usr/include
 /Library/Developer/CommandLineTools/SDKs/MacOSX.sdk/System/Library/Frameworks (framework directory)
End of search list.

**** END FILE error ***
Dryrun gcc found sys include path: /usr/local/include
Dryrun gcc found sys include path: /Library/Developer/CommandLineTools/usr/lib/clang/13.0.0/include
Dryrun gcc found sys include path: /Library/Developer/CommandLineTools/SDKs/MacOSX.sdk/usr/include
Dryrun gcc found sys include path: /Library/Developer/CommandLineTools/usr/include
Dryrun gcc found sys include path: /Library/Developer/CommandLineTools/SDKs/MacOSX.sdk/System/Library/Frameworks (framework directory)
Dryrun gcc headers found: 5
**** END PROBE get_standard_includes ****
compiler_prober_t::make_abs_preproc_command
 cmd: /usr/bin/gcc -O2
/usr/bin/gcc -O2 -dM -E -x c /var/folders/_y/zgnlksf54px15k2tssg93np40000gn/T/cov-dylanm/3a69613ebe1c01865a2e9dd1e1f7cf9c/cov-dylanm/bc9fd22fbdccb97399d2d8d0fcaa60a0/empty.c
**** BEGIN FILE source file: /var/folders/_y/zgnlksf54px15k2tssg93np40000gn/T/cov-dylanm/3a69613ebe1c01865a2e9dd1e1f7cf9c/cov-dylanm/bc9fd22fbdccb97399d2d8d0fcaa60a0/empty.c


**** END source file ***
pipe_command: /usr/bin/gcc -O2 -dM -E -x c /var/folders/_y/zgnlksf54px15k2tssg93np40000gn/T/cov-dylanm/3a69613ebe1c01865a2e9dd1e1f7cf9c/cov-dylanm/bc9fd22fbdccb97399d2d8d0fcaa60a0/empty.c 
pipe_commands starting: /usr/bin/gcc -O2 -dM -E -x c /var/folders/_y/zgnlksf54px15k2tssg93np40000gn/T/cov-dylanm/3a69613ebe1c01865a2e9dd1e1f7cf9c/cov-dylanm/bc9fd22fbdccb97399d2d8d0fcaa60a0/empty.c 
**** BEGIN FILE output: /var/folders/_y/zgnlksf54px15k2tssg93np40000gn/T/cov-dylanm/3a69613ebe1c01865a2e9dd1e1f7cf9c/cov-dylanm/bc9fd22fbdccb97399d2d8d0fcaa60a0/empty.output
#define _LP64 1
#define __APPLE_CC__ 6000
#define __APPLE__ 1
#define __ATOMIC_ACQUIRE 2
#define __ATOMIC_ACQ_REL 4
#define __ATOMIC_CONSUME 1
#define __ATOMIC_RELAXED 0
#define __ATOMIC_RELEASE 3
#define __ATOMIC_SEQ_CST 5
#define __BIGGEST_ALIGNMENT__ 16
#define __BLOCKS__ 1
#define __BYTE_ORDER__ __ORDER_LITTLE_ENDIAN__
#define __CHAR16_TYPE__ unsigned short
#define __CHAR32_TYPE__ unsigned int
#define __CHAR_BIT__ 8
#define __CLANG_ATOMIC_BOOL_LOCK_FREE 2
#define __CLANG_ATOMIC_CHAR16_T_LOCK_FREE 2
#define __CLANG_ATOMIC_CHAR32_T_LOCK_FREE 2
#define __CLANG_ATOMIC_CHAR_LOCK_FREE 2
#define __CLANG_ATOMIC_INT_LOCK_FREE 2
#define __CLANG_ATOMIC_LLONG_LOCK_FREE 2
#define __CLANG_ATOMIC_LONG_LOCK_FREE 2
#define __CLANG_ATOMIC_POINTER_LOCK_FREE 2
#define __CLANG_ATOMIC_SHORT_LOCK_FREE 2
#define __CLANG_ATOMIC_WCHAR_T_LOCK_FREE 2
#define __CONSTANT_CFSTRINGS__ 1
#define __DBL_DECIMAL_DIG__ 17
#define __DBL_DENORM_MIN__ 4.9406564584124654e-324
#define __DBL_DIG__ 15
#define __DBL_EPSILON__ 2.2204460492503131e-16
#define __DBL_HAS_DENORM__ 1
#define __DBL_HAS_INFINITY__ 1
#define __DBL_HAS_QUIET_NAN__ 1
#define __DBL_MANT_DIG__ 53
#define __DBL_MAX_10_EXP__ 308
#define __DBL_MAX_EXP__ 1024
#define __DBL_MAX__ 1.7976931348623157e+308
#define __DBL_MIN_10_EXP__ (-307)
#define __DBL_MIN_EXP__ (-1021)
#define __DBL_MIN__ 2.2250738585072014e-308
#define __DECIMAL_DIG__ __LDBL_DECIMAL_DIG__
#define __DYNAMIC__ 1
#define __ENVIRONMENT_MAC_OS_X_VERSION_MIN_REQUIRED__ 110000
#define __ENVIRONMENT_OS_VERSION_MIN_REQUIRED__ 110000
#define __FINITE_MATH_ONLY__ 0
#define __FLT16_DECIMAL_DIG__ 5
#define __FLT16_DENORM_MIN__ 5.9604644775390625e-8F16
#define __FLT16_DIG__ 3
#define __FLT16_EPSILON__ 9.765625e-4F16
#define __FLT16_HAS_DENORM__ 1
#define __FLT16_HAS_INFINITY__ 1
#define __FLT16_HAS_QUIET_NAN__ 1
#define __FLT16_MANT_DIG__ 11
#define __FLT16_MAX_10_EXP__ 4
#define __FLT16_MAX_EXP__ 16
#define __FLT16_MAX__ 6.5504e+4F16
#define __FLT16_MIN_10_EXP__ (-4)
#define __FLT16_MIN_EXP__ (-13)
#define __FLT16_MIN__ 6.103515625e-5F16
#define __FLT_DECIMAL_DIG__ 9
#define __FLT_DENORM_MIN__ 1.40129846e-45F
#define __FLT_DIG__ 6
#define __FLT_EPSILON__ 1.19209290e-7F
#define __FLT_EVAL_METHOD__ 0
#define __FLT_HAS_DENORM__ 1
#define __FLT_HAS_INFINITY__ 1
#define __FLT_HAS_QUIET_NAN__ 1
#define __FLT_MANT_DIG__ 24
#define __FLT_MAX_10_EXP__ 38
#define __FLT_MAX_EXP__ 128
#define __FLT_MAX__ 3.40282347e+38F
#define __FLT_MIN_10_EXP__ (-37)
#define __FLT_MIN_EXP__ (-125)
#define __FLT_MIN__ 1.17549435e-38F
#define __FLT_RADIX__ 2
#define __FXSR__ 1
#define __GCC_ASM_FLAG_OUTPUTS__ 1
#define __GCC_ATOMIC_BOOL_LOCK_FREE 2
#define __GCC_ATOMIC_CHAR16_T_LOCK_FREE 2
#define __GCC_ATOMIC_CHAR32_T_LOCK_FREE 2
#define __GCC_ATOMIC_CHAR_LOCK_FREE 2
#define __GCC_ATOMIC_INT_LOCK_FREE 2
#define __GCC_ATOMIC_LLONG_LOCK_FREE 2
#define __GCC_ATOMIC_LONG_LOCK_FREE 2
#define __GCC_ATOMIC_POINTER_LOCK_FREE 2
#define __GCC_ATOMIC_SHORT_LOCK_FREE 2
#define __GCC_ATOMIC_TEST_AND_SET_TRUEVAL 1
#define __GCC_ATOMIC_WCHAR_T_LOCK_FREE 2
#define __GCC_HAVE_SYNC_COMPARE_AND_SWAP_1 1
#define __GCC_HAVE_SYNC_COMPARE_AND_SWAP_16 1
#define __GCC_HAVE_SYNC_COMPARE_AND_SWAP_2 1
#define __GCC_HAVE_SYNC_COMPARE_AND_SWAP_4 1
#define __GCC_HAVE_SYNC_COMPARE_AND_SWAP_8 1
#define __GNUC_MINOR__ 2
#define __GNUC_PATCHLEVEL__ 1
#define __GNUC_STDC_INLINE__ 1
#define __GNUC__ 4
#define __GXX_ABI_VERSION 1002
#define __INT16_C_SUFFIX__ 
#define __INT16_FMTd__ "hd"
#define __INT16_FMTi__ "hi"
#define __INT16_MAX__ 32767
#define __INT16_TYPE__ short
#define __INT32_C_SUFFIX__ 
#define __INT32_FMTd__ "d"
#define __INT32_FMTi__ "i"
#define __INT32_MAX__ 2147483647
#define __INT32_TYPE__ int
#define __INT64_C_SUFFIX__ LL
#define __INT64_FMTd__ "lld"
#define __INT64_FMTi__ "lli"
#define __INT64_MAX__ 9223372036854775807LL
#define __INT64_TYPE__ long long int
#define __INT8_C_SUFFIX__ 
#define __INT8_FMTd__ "hhd"
#define __INT8_FMTi__ "hhi"
#define __INT8_MAX__ 127
#define __INT8_TYPE__ signed char
#define __INTMAX_C_SUFFIX__ L
#define __INTMAX_FMTd__ "ld"
#define __INTMAX_FMTi__ "li"
#defi

 <truncated>

_FMTu__ "hu"
#define __UINT16_FMTx__ "hx"
#define __UINT16_MAX__ 65535
#define __UINT16_TYPE__ unsigned short
#define __UINT32_C_SUFFIX__ U
#define __UINT32_FMTX__ "X"
#define __UINT32_FMTo__ "o"
#define __UINT32_FMTu__ "u"
#define __UINT32_FMTx__ "x"
#define __UINT32_MAX__ 4294967295U
#define __UINT32_TYPE__ unsigned int
#define __UINT64_C_SUFFIX__ ULL
#define __UINT64_FMTX__ "llX"
#define __UINT64_FMTo__ "llo"
#define __UINT64_FMTu__ "llu"
#define __UINT64_FMTx__ "llx"
#define __UINT64_MAX__ 18446744073709551615ULL
#define __UINT64_TYPE__ long long unsigned int
#define __UINT8_C_SUFFIX__ 
#define __UINT8_FMTX__ "hhX"
#define __UINT8_FMTo__ "hho"
#define __UINT8_FMTu__ "hhu"
#define __UINT8_FMTx__ "hhx"
#define __UINT8_MAX__ 255
#define __UINT8_TYPE__ unsigned char
#define __UINTMAX_C_SUFFIX__ UL
#define __UINTMAX_FMTX__ "lX"
#define __UINTMAX_FMTo__ "lo"
#define __UINTMAX_FMTu__ "lu"
#define __UINTMAX_FMTx__ "lx"
#define __UINTMAX_MAX__ 18446744073709551615UL
#define __UINTMAX_TYPE__ long unsigned int
#define __UINTMAX_WIDTH__ 64
#define __UINTPTR_FMTX__ "lX"
#define __UINTPTR_FMTo__ "lo"
#define __UINTPTR_FMTu__ "lu"
#define __UINTPTR_FMTx__ "lx"
#define __UINTPTR_MAX__ 18446744073709551615UL
#define __UINTPTR_TYPE__ long unsigned int
#define __UINTPTR_WIDTH__ 64
#define __UINT_FAST16_FMTX__ "hX"
#define __UINT_FAST16_FMTo__ "ho"
#define __UINT_FAST16_FMTu__ "hu"
#define __UINT_FAST16_FMTx__ "hx"
#define __UINT_FAST16_MAX__ 65535
#define __UINT_FAST16_TYPE__ unsigned short
#define __UINT_FAST32_FMTX__ "X"
#define __UINT_FAST32_FMTo__ "o"
#define __UINT_FAST32_FMTu__ "u"
#define __UINT_FAST32_FMTx__ "x"
#define __UINT_FAST32_MAX__ 4294967295U
#define __UINT_FAST32_TYPE__ unsigned int
#define __UINT_FAST64_FMTX__ "llX"
#define __UINT_FAST64_FMTo__ "llo"
#define __UINT_FAST64_FMTu__ "llu"
#define __UINT_FAST64_FMTx__ "llx"
#define __UINT_FAST64_MAX__ 18446744073709551615ULL
#define __UINT_FAST64_TYPE__ long long unsigned int
#define __UINT_FAST8_FMTX__ "hhX"
#define __UINT_FAST8_FMTo__ "hho"
#define __UINT_FAST8_FMTu__ "hhu"
#define __UINT_FAST8_FMTx__ "hhx"
#define __UINT_FAST8_MAX__ 255
#define __UINT_FAST8_TYPE__ unsigned char
#define __UINT_LEAST16_FMTX__ "hX"
#define __UINT_LEAST16_FMTo__ "ho"
#define __UINT_LEAST16_FMTu__ "hu"
#define __UINT_LEAST16_FMTx__ "hx"
#define __UINT_LEAST16_MAX__ 65535
#define __UINT_LEAST16_TYPE__ unsigned short
#define __UINT_LEAST32_FMTX__ "X"
#define __UINT_LEAST32_FMTo__ "o"
#define __UINT_LEAST32_FMTu__ "u"
#define __UINT_LEAST32_FMTx__ "x"
#define __UINT_LEAST32_MAX__ 4294967295U
#define __UINT_LEAST32_TYPE__ unsigned int
#define __UINT_LEAST64_FMTX__ "llX"
#define __UINT_LEAST64_FMTo__ "llo"
#define __UINT_LEAST64_FMTu__ "llu"
#define __UINT_LEAST64_FMTx__ "llx"
#define __UINT_LEAST64_MAX__ 18446744073709551615ULL
#define __UINT_LEAST64_TYPE__ long long unsigned int
#define __UINT_LEAST8_FMTX__ "hhX"
#define __UINT_LEAST8_FMTo__ "hho"
#define __UINT_LEAST8_FMTu__ "hhu"
#define __UINT_LEAST8_FMTx__ "hhx"
#define __UINT_LEAST8_MAX__ 255
#define __UINT_LEAST8_TYPE__ unsigned char
#define __USER_LABEL_PREFIX__ _
#define __VERSION__ "Apple LLVM 13.0.0 (clang-1300.0.29.3)"
#define __WCHAR_MAX__ 2147483647
#define __WCHAR_TYPE__ int
#define __WCHAR_WIDTH__ 32
#define __WINT_MAX__ 2147483647
#define __WINT_TYPE__ int
#define __WINT_WIDTH__ 32
#define __amd64 1
#define __amd64__ 1
#define __apple_build_version__ 13000029
#define __block __attribute__((__blocks__(byref)))
#define __clang__ 1
#define __clang_major__ 13
#define __clang_minor__ 0
#define __clang_patchlevel__ 0
#define __clang_version__ "13.0.0 (clang-1300.0.29.3)"
#define __code_model_small__ 1
#define __core2 1
#define __core2__ 1
#define __llvm__ 1
#define __nonnull _Nonnull
#define __null_unspecified _Null_unspecified
#define __nullable _Nullable
#define __pic__ 2
#define __seg_fs __attribute__((address_space(257)))
#define __seg_gs __attribute__((address_space(256)))
#define __strong 
#define __tune_core2__ 1
#define __unsafe_unretained 
#define __weak __attribute__((objc_gc(weak)))
#define __x86_64 1
#define __x86_64__ 1

**** END FILE output ***
**** BEGIN FILE error: 

**** END FILE error ***
Skipping looking for macros in standard headers.  The header scan probe has been disabled by the no header scan option.
**** BEGIN PROBE get_macros ****
[STATUS] clangcxxcc-config-0: Retrieving values for macros
compiler_prober_t::make_abs_preproc_command
 cmd: /usr/bin/gcc -O2
/usr/bin/gcc -O2 -E -x c /var/folders/_y/zgnlksf54px15k2tssg93np40000gn/T/cov-dylanm/3a69613ebe1c01865a2e9dd1e1f7cf9c/cov-dylanm/bc9fd22fbdccb97399d2d8d0fcaa60a0/macros.c
**** BEGIN FILE source file: /var/folders/_y/zgnlksf54px15k2tssg93np40000gn/T/cov-dylanm/3a69613ebe1c01865a2e9dd1e1f7cf9c/cov-dylanm/bc9fd22fbdccb97399d2d8d0fcaa60a0/macros.c
#ifdef __STDCPP_DEFAULT_NEW_ALIGNMENT__
__coverity_macro __STDCPP_DEFAULT_NEW_ALIGNMENT__
#else
__the_symbol_is_not_defined__
#endif
#ifdef __cpp_aggregate_bases
__coverity_macro __cpp_aggregate_bases
#else
__the_symbol_is_not_defined__
#endif
#ifdef __cpp_aggregate_nsdmi
__coverity_macro __cpp_aggregate_nsdmi
#else
__the_symbol_is_not_defined__
#endif
#ifdef __cpp_aggregate_paren_init
__coverity_macro __cpp_aggregate_paren_init
#else
__the_symbol_is_not_defined__
#endif
#ifdef __cpp_alias_templates
__coverity_macro __cpp_alias_templates
#else
__the_symbol_is_not_defined__
#endif
#ifdef __cpp_aligned_new
__coverity_macro __cpp_aligned_new
#else
__the_symbol_is_not_defined__
#endif
#ifdef __cpp_attributes
__coverity_macro __cpp_attributes
#else
__the_symbol_is_not_defined__
#endif
#ifdef __cpp_binary_literals
__coverity_macro __cpp_binary_literals
#else
__the_symbol_is_not_defined__
#endif
#ifdef __cpp_capture_star_this
__coverity_macro __cpp_capture_star_this
#else
__the_symbol_is_not_defined__
#endif
#ifdef __cpp_char8_t
__coverity_macro __cpp_char8_t
#else
__the_symbol_is_not_defined__
#endif
#ifdef __cpp_concepts
__coverity_macro __cpp_concepts
#else
__the_symbol_is_not_defined__
#endif
#ifdef __cpp_conditional_explicit
__coverity_macro __cpp_conditional_explicit
#else
__the_symbol_is_not_defined__
#endif
#ifdef __cpp_consteval
__coverity_macro __cpp_consteval
#else
__the_symbol_is_not_defined__
#endif
#ifdef __cpp_constexpr
__coverity_macro __cpp_constexpr
#else
__the_symbol_is_not_defined__
#endif
#ifdef __cpp_constexpr_dynamic_alloc
__coverity_macro __cpp_constexpr_dynamic_alloc
#else
__the_symbol_is_not_defined__
#endif
#ifdef __cpp_constexpr_in_decltype
__coverity_macro __cpp_constexpr_in_decltype
#else
__the_symbol_is_not_defined__
#endif
#ifdef __cpp_constinit
__coverity_macro __cpp_constinit
#else
__the_symbol_is_not_defined__
#endif
#ifdef __cpp_coroutines
__coverity_macro __cpp_coroutines
#else
__the_symbol_is_not_defined__
#endif
#ifdef __cpp_decltype
__coverity_macro __cpp_decltype
#else
__the_symbol_is_not_defined__
#endif
#ifdef __cpp_decltype_auto
__coverity_macro __cpp_decltype_auto
#else
__the_symbol_is_not_defined__
#endif
#ifdef __cpp_deduction_guides
__coverity_macro __cpp_deduction_guides
#else
__the_symbol_is_not_defined__
#endif
#ifdef __cpp_delegating_constructors
__coverity_macro __cpp_delegating_constructors
#else
__the_symbol_is_not_defined__
#endif
#ifdef __cpp_designated_initializers
__coverity_macro __cpp_designated_initializers
#else
__the_symbol_is_not_defined__
#endif
#ifdef __cpp_enumerator_attributes
__coverity_macro __cpp_enumerator_attributes
#else
__the_symbol_is_not_defined__
#endif
#ifdef __cpp_exceptions
__coverity_macro __cpp_exceptions
#else
__the_symbol_is_not_defined__
#endif
#ifdef __cpp_experimental_concepts
__coverity_macro __cpp_experimental_concepts
#else
__the_symbol_is_not_defined__
#endif
#ifdef __cpp_explicit_bool
__coverity_macro __cpp_explicit_bool
#else
__the_symbol_is_not_defined__
#endif
#ifdef __cpp_explicit_conversion
__coverity_macro __cpp_explicit_conversion
#else
__the_symbol_is_not_defined__
#endif
#ifdef __cpp_fold_expressions
__coverity_macro __cpp_fold_expressions
#else
__the_symbol_is_not_defined__
#endif
#ifdef __cpp_generic_lambdas
__coverity_macro __cpp_generic_lambdas
#else
__the_symbol_is_not_defined__
#endif
#ifdef __cpp_guaranteed_copy_elision
__coverity_macro __cpp_guaranteed_copy_elision
#else
__the_symbol_is_not_defined__
#endif
#ifdef __cpp_hex_float
__coverity_macro __cpp_hex_float
#else
__the_symbol_is_not_defined__
#endif
#ifdef __cpp_if_constexpr
__coverity_macro __cpp_if_constexpr
#else
__the_symbol_is_not_defined__
#endif
#ifdef __cpp_impl_coroutine
__coverity_macro __cpp_impl_coroutine
#else
__the_symbol_is_not_defined__
#endif
#ifdef __cpp_impl_destroying_delete
__coverity_macro __cpp_impl_destroying_delete
#else
__the_symbol_is_not_defined__
#endif
#ifdef __cpp_impl_three_way_comparison
__coverity_macro __cpp_impl_three_way_comparison
#else
__the_symbol_is_not_defined__
#endif
#ifdef __cpp_inheriting_constructors
__coverity_macro __cpp_inheriting_constructors
#else
__the_symbol_is_not_defined__
#endif
#ifdef __cpp_init_captures
__coverity_macro __cpp_init_captures
#else
__the_symbol_is_not_defined__
#endif
#ifdef __cpp_initializer_lists
__coverity_macro __cpp_initializer_lists
#else
__the_symbol_is_not_defined__
#endif
#ifdef __cpp_inline_variables
__coverity_macro __cpp_inline_variables
#else
__the_symbol_is_not_defined__
#endif
#ifdef __cpp_lambdas
__coverity_macro __cpp_lambdas
#else
__the_symbol_is_not_defined__
#endif
#ifdef __cpp_modules
__coverity_macro __cpp_modules
#else
__the_symbol_is_not_defined__
#endif
#ifdef __cpp_namespace_attributes
__coverity_macro __cpp_namespace_attributes
#else
__the_symbol_is_not_defined__
#endif
#ifdef __cpp_nested_namespace_definitions
__coverity_macro __cpp_nested_namespace_definitions
#else
__the_symbol_is_not_defined__
#endif
#ifdef __cpp_noexcept_function_type
__coverity_macro __cpp_noexcept_function_type
#else
__the_symbol_is_not_defined__
#endif
#ifdef __cpp_nontype_template_args
__coverity_macro __cpp_nontype_template_args
#else
__the_symbol_is_not_defined__
#endif
#ifdef __cpp_nontype_template_parameter_auto
__coverity_macro __cpp_nontype_template_parameter_auto
#else
__the_symbol_is_not_defined__
#endif
#ifdef __cpp_nontype_template_parameter_class
__coverity_macro __cpp_nontype_template_parameter_class
#else
__the_symbol_is_not_defined__
#endif
#ifdef __cpp_nsdmi
__coverity_macro __cpp_nsdmi
#else
__the_symbol_is_not_defined__
#endif
#ifdef __cpp_range_based_for
__coverity_macro __cpp_range_based_for
#else
__the_symbol_is_not_defined__
#endif
#ifdef __cpp_raw_strings
__coverity_macro __cpp_raw_strings
#else
__the_symbol_is_not_defined__
#endif
#ifdef __cpp_ref_qualifiers
__coverity_macro __cpp_ref_qualifiers
#else
__the_symbol_is_not_defined__
#endif
#ifdef __cpp_return_type_deduction
__coverity_macro __cpp_return_type_deduction
#else
__the_symbol_is_not_defined__
#endif
#ifdef __cpp_rtti
__coverity_macro __cpp_rtti
#else
__the_symbol_is_not_defined__
#endif
#ifdef __cpp_runtime_arrays
__coverity_macro __cpp_runtime_arrays
#else
__the_symbol_is_not_defined__
#endif
#ifdef __cpp_rvalue_reference
__coverity_macro __cpp_rvalue_reference
#else
__the_symbol_is_not_defined__
#endif
#ifdef __cpp_rvalue_references
__coverity_macro __cpp_rvalue_references
#else
__the_symbol_is_not_defined__
#endif
#ifdef __cpp_size_t_suffix
__coverity_macro __cpp_size_t_suffix
#else
__the_symbol_is_not_defined__
#endif
#ifdef __cpp_sized_deallocation
__coverity_macro __cpp_sized_deallocation
#else
__the_symbol_is_not_defined__
#endif
#ifdef __cpp_static_assert
__coverity_macro __cpp_static_assert
#else
__the_symbol_is_not_defined__
#endif
#ifdef __cpp_structured_bindings
__coverity_macro __cpp_structured_bindings
#else
__the_symbol_is_not_defined__
#endif
#ifdef __cpp_template_template_args
__coverity_macro __cpp_template_template_args
#else
__the_symbol_is_not_defined__
#endif
#ifdef __cpp_threadsafe_static_init
__coverity_macro __cpp_threadsafe_static_init
#else
__the_symbol_is_not_defined__
#endif
#ifdef __cpp_transactional_memory
__coverity_macro __cpp_transactional_memory
#else
__the_symbol_is_not_defined__
#endif
#ifdef __cpp_unicode_characters
__coverity_macro __cpp_unicode_characters
#else
__the_symbol_is_not_defined__
#endif
#ifdef __cpp_unicode_literals
__coverity_macro __cpp_unicode_literals
#else
__the_symbol_is_not_defined__
#endif
#ifdef __cpp_user_defined_literals
__coverity_macro __cpp_user_defined_literals
#else
__the_symbol_is_not_defined__
#endif
#ifdef __cpp_using_enum
__coverity_macro __cpp_using_enum
#else
__the_symbol_is_not_defined__
#endif
#ifdef __cpp_variable_templates
__coverity_macro __cpp_variable_templates
#else
__the_symbol_is_not_defined__
#endif
#ifdef __cpp_variadic_templates
__coverity_macro __cpp_variadic_templates
#else
__the_symbol_is_not_defined__
#endif
#ifdef __cpp_variadic_using
__coverity_macro __cpp_variadic_using
#else
__the_symbol_is_not_defined__
#endif

**** END source file ***
pipe_command: /usr/bin/gcc -O2 -E -x c /var/folders/_y/zgnlksf54px15k2tssg93np40000gn/T/cov-dylanm/3a69613ebe1c01865a2e9dd1e1f7cf9c/cov-dylanm/bc9fd22fbdccb97399d2d8d0fcaa60a0/macros.c 
pipe_commands starting: /usr/bin/gcc -O2 -E -x c /var/folders/_y/zgnlksf54px15k2tssg93np40000gn/T/cov-dylanm/3a69613ebe1c01865a2e9dd1e1f7cf9c/cov-dylanm/bc9fd22fbdccb97399d2d8d0fcaa60a0/macros.c 
**** BEGIN FILE output: /var/folders/_y/zgnlksf54px15k2tssg93np40000gn/T/cov-dylanm/3a69613ebe1c01865a2e9dd1e1f7cf9c/cov-dylanm/bc9fd22fbdccb97399d2d8d0fcaa60a0/pp_out
# 1 "/var/folders/_y/zgnlksf54px15k2tssg93np40000gn/T/cov-dylanm/3a69613ebe1c01865a2e9dd1e1f7cf9c/cov-dylanm/bc9fd22fbdccb97399d2d8d0fcaa60a0/macros.c"
# 1 "<built-in>" 1
# 1 "<built-in>" 3
# 368 "<built-in>" 3
# 1 "<command line>" 1
# 1 "<built-in>" 2
# 1 "/var/folders/_y/zgnlksf54px15k2tssg93np40000gn/T/cov-dylanm/3a69613ebe1c01865a2e9dd1e1f7cf9c/cov-dylanm/bc9fd22fbdccb97399d2d8d0fcaa60a0/macros.c" 2



__the_symbol_is_not_defined__




__the_symbol_is_not_defined__




__the_symbol_is_not_defined__




__the_symbol_is_not_defined__




__the_symbol_is_not_defined__




__the_symbol_is_not_defined__




__the_symbol_is_not_defined__




__the_symbol_is_not_defined__




__the_symbol_is_not_defined__




__the_symbol_is_not_defined__




__the_symbol_is_not_defined__




__the_symbol_is_not_defined__




__the_symbol_is_not_defined__




__the_symbol_is_not_defined__




__the_symbol_is_not_defined__




__the_symbol_is_not_defined__




__the_symbol_is_not_defined__




__the_symbol_is_not_defined__




__the_symbol_is_not_defined__




__the_symbol_is_not_defined__




__the_symbol_is_not_defined__




__the_symbol_is_not_defined__




__the_symbol_is_not_defined__




__the_symbol_is_not_defined__




__the_symbol_is_not_defined__




__the_symbol_is_not_defined__




__the_symbol_is_not_defined__




__the_symbol_is_not_defined__




__the_symbol_is_not_defined__




__the_symbol_is_not_defined__




__the_symbol_is_not_defined__




__the_symbol_is_not_defined__




__the_symbol_is_not_defined__




__the_symbol_is_not_defined__




__the_symbol_is_not_defined__




__the_symbol_is_not_defined__




__the_symbol_is_not_defined__




__the_symbol_is_not_defined__




__the_symbol_is_not_defined__




__the_symbol_is_not_defined__




__the_symbol_is_not_defined__




__the_symbol_is_not_defined__




__the_symbol_is_not_defined__




__the_symbol_is_not_defined__




__the_symbol_is_not_defined__




__the_symbol_is_not_defined__




__the_symbol_is_not_defined__




__the_symbol_is_not_defined__




__the_symbol_is_not_defined__




__the_symbol_is_not_defined__




__the_symbol_is_not_defined__




__the_symbol_is_not_defined__




__the_symbol_is_not_defined__




__the_symbol_is_not_defined__




__the_symbol_is_not_defined__




__the_symbol_is_not_defined__




__the_symbol_is_not_defined__




__the_symbol_is_not_defined__




__the_symbol_is_not_defined__




__the_symbol_is_not_defined__




__the_symbol_is_not_defined__




__the_symbol_is_not_defined__




__the_symbol_is_not_defined__




__the_symbol_is_not_defined__




__the_symbol_is_not_defined__




__the_symbol_is_not_defined__




__the_symbol_is_not_defined__




__the_symbol_is_not_defined__




__the_symbol_is_not_defined__




__the_symbol_is_not_defined__




__the_symbol_is_not_defined__

**** END FILE output ***
**** BEGIN FILE error: 

**** END FILE error ***
**** END PROBE get_macros ****
Failed to find header /Applications/cov-analysis-macosx-2021.9.0/config/templates/clang/cc.h
Failed to find header /Applications/cov-analysis-macosx-2021.9.0/config/templates/clang/compiler-compat-clangcxxcc.h
